This is e-upTeX, Version 3.141592653-p3.9.0-u1.27-210218-2.6 (utf8.uptex) (TeX Live 2021) (preloaded format=uplatex 2021.9.8)  31 JAN 2022 14:52
entering extended mode
 restricted \write18 enabled.
 %&-line parsing enabled.
**main.tex
(./main.tex
pLaTeX2e <2020-10-01u04>+2 (based on LaTeX2e <2020-10-01> patch level 4)
L3 programming layer <2021-02-18>
(/usr/local/texlive/2021/texmf-dist/tex/platex/jsclasses/jsreport.cls
Document Class: jsreport 2020/10/09 jsclasses (okumura, texjporg)
\jsc@mpt=\dimen154
\jsc@mmm=\dimen155
\jsc@smallskipamount=\skip47
LaTeX Info: Redefining \textmc on input line 498.
LaTeX Info: Redefining \textgt on input line 500.
\symmincho=\mathgroup4
LaTeX Font Info:    Overwriting symbol font `mincho' in version `bold'
(Font)                  JY2/mc/m/n --> JY2/gt/m/n on input line 562.
LaTeX Font Info:    Font shape `JT2/mc/m/n' will be
(Font)              scaled to size 9.24683pt on input line 756.
LaTeX Font Info:    Font shape `JY2/mc/m/n' will be
(Font)              scaled to size 9.24683pt on input line 756.
\fullwidth=\dimen156
LaTeX Font Info:    Font shape `JT2/mc/m/n' will be
(Font)              scaled to size 7.39746pt on input line 895.
LaTeX Font Info:    Font shape `JY2/mc/m/n' will be
(Font)              scaled to size 7.39746pt on input line 895.
\c@part=\count178
\c@chapter=\count179
\c@section=\count180
\c@subsection=\count181
\c@subsubsection=\count182
\c@paragraph=\count183
\c@subparagraph=\count184
\@abstractbox=\box64
\c@figure=\count185
\c@table=\count186
\abovecaptionskip=\skip48
\belowcaptionskip=\skip49
\jsc@tocl@width=\dimen157
\@lnumwidth=\dimen158
\bibindent=\dimen159
(/usr/local/texlive/2021/texmf-dist/tex/platex/jsclasses/jslogo.sty
Package: jslogo 2019/07/25 okumura, texjporg
LaTeX Info: Redefining \TeX on input line 82.
LaTeX Info: Redefining \LaTeX on input line 135.
LaTeX Info: Redefining \LaTeXe on input line 188.
)
\heisei=\count187
)
(./title.sty
Package: title 
) (./thesis.sty
Package: thesis 

(/usr/local/texlive/2021/texmf-dist/tex/latex/docmute/docmute.sty
Package: docmute 2012/03/22 v1.4 Input stand-alone documents
)
(/usr/local/texlive/2021/texmf-dist/tex/latex/amsmath/amsmath.sty
Package: amsmath 2020/09/23 v2.17i AMS math features
\@mathmargin=\skip50

For additional information on amsmath, use the `?' option.
(/usr/local/texlive/2021/texmf-dist/tex/latex/amsmath/amstext.sty
Package: amstext 2000/06/29 v2.01 AMS text

(/usr/local/texlive/2021/texmf-dist/tex/latex/amsmath/amsgen.sty
File: amsgen.sty 1999/11/30 v2.0 generic functions
\@emptytoks=\toks16
\ex@=\dimen160
))
(/usr/local/texlive/2021/texmf-dist/tex/latex/amsmath/amsbsy.sty
Package: amsbsy 1999/11/29 v1.2d Bold Symbols
\pmbraise@=\dimen161
)
(/usr/local/texlive/2021/texmf-dist/tex/latex/amsmath/amsopn.sty
Package: amsopn 2016/03/08 v2.02 operator names
)
\inf@bad=\count188
LaTeX Info: Redefining \frac on input line 234.
\uproot@=\count189
\leftroot@=\count190
LaTeX Info: Redefining \overline on input line 399.
\classnum@=\count191
\DOTSCASE@=\count192
LaTeX Info: Redefining \ldots on input line 496.
LaTeX Info: Redefining \dots on input line 499.
LaTeX Info: Redefining \cdots on input line 620.
\Mathstrutbox@=\box65
\strutbox@=\box66
\big@size=\dimen162
LaTeX Font Info:    Redeclaring font encoding OML on input line 743.
LaTeX Font Info:    Redeclaring font encoding OMS on input line 744.
\macc@depth=\count193
\c@MaxMatrixCols=\count194
\dotsspace@=\muskip16
\c@parentequation=\count195
\dspbrk@lvl=\count196
\tag@help=\toks17
\row@=\count197
\column@=\count198
\maxfields@=\count199
\andhelp@=\toks18
\eqnshift@=\dimen163
\alignsep@=\dimen164
\tagshift@=\dimen165
\tagwidth@=\dimen166
\totwidth@=\dimen167
\lineht@=\dimen168
\@envbody=\toks19
\multlinegap=\skip51
\multlinetaggap=\skip52
\mathdisplay@stack=\toks20
LaTeX Info: Redefining \[ on input line 2923.
LaTeX Info: Redefining \] on input line 2924.
)
(/usr/local/texlive/2021/texmf-dist/tex/latex/amscls/amsthm.sty
Package: amsthm 2020/05/29 v2.20.6
\thm@style=\toks21
\thm@bodyfont=\toks22
\thm@headfont=\toks23
\thm@notefont=\toks24
\thm@headpunct=\toks25
\thm@preskip=\skip53
\thm@postskip=\skip54
\thm@headsep=\skip55
\dth@everypar=\toks26
)
(/usr/local/texlive/2021/texmf-dist/tex/latex/amsfonts/amssymb.sty
Package: amssymb 2013/01/14 v3.01 AMS font symbols

(/usr/local/texlive/2021/texmf-dist/tex/latex/amsfonts/amsfonts.sty
Package: amsfonts 2013/01/14 v3.01 Basic AMSFonts support
\symAMSa=\mathgroup5
\symAMSb=\mathgroup6
LaTeX Font Info:    Redeclaring math symbol \hbar on input line 98.
LaTeX Font Info:    Overwriting math alphabet `\mathfrak' in version `bold'
(Font)                  U/euf/m/n --> U/euf/b/n on input line 106.
))
(/usr/local/texlive/2021/texmf-dist/tex/latex/bbold/bbold.sty
Package: bbold 1994/04/06 Bbold symbol package
LaTeX Font Info:    Redeclaring math alphabet \mathbb on input line 42.
)
(/usr/local/texlive/2021/texmf-dist/tex/latex/mathtools/mathtools.sty
Package: mathtools 2021/03/18 v1.25 mathematical typesetting tools

(/usr/local/texlive/2021/texmf-dist/tex/latex/graphics/keyval.sty
Package: keyval 2014/10/28 v1.15 key=value parser (DPC)
\KV@toks@=\toks27
)
(/usr/local/texlive/2021/texmf-dist/tex/latex/tools/calc.sty
Package: calc 2017/05/25 v4.3 Infix arithmetic (KKT,FJ)
\calc@Acount=\count266
\calc@Bcount=\count267
\calc@Adimen=\dimen169
\calc@Bdimen=\dimen170
\calc@Askip=\skip56
\calc@Bskip=\skip57
LaTeX Info: Redefining \setlength on input line 80.
LaTeX Info: Redefining \addtolength on input line 81.
\calc@Ccount=\count268
\calc@Cskip=\skip58
)
(/usr/local/texlive/2021/texmf-dist/tex/latex/mathtools/mhsetup.sty
Package: mhsetup 2021/03/18 v1.4 programming setup (MH)
)
LaTeX Info: Thecontrolsequence`\('isalreadyrobust on input line 130.
LaTeX Info: Thecontrolsequence`\)'isalreadyrobust on input line 130.
LaTeX Info: Thecontrolsequence`\['isalreadyrobust on input line 130.
LaTeX Info: Thecontrolsequence`\]'isalreadyrobust on input line 130.
\g_MT_multlinerow_int=\count269
\l_MT_multwidth_dim=\dimen171
\origjot=\skip59
\l_MT_shortvdotswithinadjustabove_dim=\dimen172
\l_MT_shortvdotswithinadjustbelow_dim=\dimen173
\l_MT_above_intertext_sep=\dimen174
\l_MT_below_intertext_sep=\dimen175
\l_MT_above_shortintertext_sep=\dimen176
\l_MT_below_shortintertext_sep=\dimen177
\xmathstrut@box=\box67
\xmathstrut@dim=\dimen178
)
(/usr/local/texlive/2021/texmf-dist/tex/latex/comment/comment.sty
\CommentStream=\write3

Excluding comment 'comment')
(/usr/local/texlive/2021/texmf-dist/tex/platex/japanese-otf-uptex/otf.sty
Package: otf 2019/04/01 v1.7b8 psitau, u0.26 ttk
LaTeX Font Info:    Redeclaring symbol font `mincho' on input line 322.
LaTeX Font Info:    Overwriting symbol font `mincho' in version `normal'
(Font)                  JY2/mc/m/n --> JY2/hmc/m/n on input line 322.
LaTeX Font Info:    Overwriting symbol font `mincho' in version `bold'
(Font)                  JY2/gt/m/n --> JY2/hmc/m/n on input line 322.
LaTeX Font Info:    Overwriting symbol font `mincho' in version `bold'
(Font)                  JY2/hmc/m/n --> JY2/hmc/bx/n on input line 324.
LaTeX Font Info:    Redeclaring math alphabet \mathgt on input line 325.
LaTeX Font Info:    Overwriting math alphabet `\mathgt' in version `normal'
(Font)                  JY2/gt/m/n --> JY2/hgt/m/n on input line 325.
LaTeX Font Info:    Overwriting math alphabet `\mathgt' in version `bold'
(Font)                  JY2/gt/m/n --> JY2/hgt/m/n on input line 325.
LaTeX Font Info:    Overwriting math alphabet `\mathgt' in version `bold'
(Font)                  JY2/hgt/m/n --> JY2/hgt/bx/n on input line 326.

(/usr/local/texlive/2021/texmf-dist/tex/platex/japanese-otf/ajmacros.sty
Package: ajmacros 2019/04/01 21:00 iNOUE Koich! <inoue@ma.ns.musashi-tech.ac.jp
>
\@tempcntc=\count270
\@tempcntd=\count271
\@tempcnte=\count272
\@tempcntf=\count273
))
(/usr/local/texlive/2021/texmf-dist/tex/latex/tools/multicol.sty
Package: multicol 2019/12/09 v1.8y multicolumn formatting (FMi)
\c@tracingmulticols=\count274
\mult@box=\box68
\multicol@leftmargin=\dimen179
\c@unbalance=\count275
\c@collectmore=\count276
\doublecol@number=\count277
\multicoltolerance=\count278
\multicolpretolerance=\count279
\full@width=\dimen180
\page@free=\dimen181
\premulticols=\dimen182
\postmulticols=\dimen183
\multicolsep=\skip60
\multicolbaselineskip=\skip61
\partial@page=\box69
\last@line=\box70
\maxbalancingoverflow=\dimen184
\mult@rightbox=\box71
\mult@grightbox=\box72
\mult@gfirstbox=\box73
\mult@firstbox=\box74
\@tempa=\box75
\@tempa=\box76
\@tempa=\box77
\@tempa=\box78
\@tempa=\box79
\@tempa=\box80
\@tempa=\box81
\@tempa=\box82
\@tempa=\box83
\@tempa=\box84
\@tempa=\box85
\@tempa=\box86
\@tempa=\box87
\@tempa=\box88
\@tempa=\box89
\@tempa=\box90
\@tempa=\box91
\@tempa=\box92
\@tempa=\box93
\@tempa=\box94
\@tempa=\box95
\@tempa=\box96
\@tempa=\box97
\@tempa=\box98
\@tempa=\box99
\@tempa=\box100
\@tempa=\box101
\@tempa=\box102
\@tempa=\box103
\@tempa=\box104
\@tempa=\box105
\@tempa=\box106
\@tempa=\box107
\@tempa=\box108
\@tempa=\box109
\@tempa=\box110
\@tempa=\box111
\c@minrows=\count280
\c@columnbadness=\count281
\c@finalcolumnbadness=\count282
\last@try=\dimen185
\multicolovershoot=\dimen186
\multicolundershoot=\dimen187
\mult@nat@firstbox=\box112
\colbreak@box=\box113
\mc@col@check@num=\count283
)
(/usr/local/texlive/2021/texmf-dist/tex/latex/pgf/frontendlayer/tikz.sty
(/usr/local/texlive/2021/texmf-dist/tex/latex/pgf/basiclayer/pgf.sty
(/usr/local/texlive/2021/texmf-dist/tex/latex/pgf/utilities/pgfrcs.sty
(/usr/local/texlive/2021/texmf-dist/tex/generic/pgf/utilities/pgfutil-common.te
x
\pgfutil@everybye=\toks28
\pgfutil@tempdima=\dimen188
\pgfutil@tempdimb=\dimen189

(/usr/local/texlive/2021/texmf-dist/tex/generic/pgf/utilities/pgfutil-common-li
sts.tex))
(/usr/local/texlive/2021/texmf-dist/tex/generic/pgf/utilities/pgfutil-latex.def
\pgfutil@abb=\box114
) (/usr/local/texlive/2021/texmf-dist/tex/generic/pgf/utilities/pgfrcs.code.tex
(/usr/local/texlive/2021/texmf-dist/tex/generic/pgf/pgf.revision.tex)
Package: pgfrcs 2020/12/27 v3.1.8b (3.1.8b)
))
Package: pgf 2020/12/27 v3.1.8b (3.1.8b)

(/usr/local/texlive/2021/texmf-dist/tex/latex/pgf/basiclayer/pgfcore.sty
(/usr/local/texlive/2021/texmf-dist/tex/latex/graphics/graphicx.sty
Package: graphicx 2020/09/09 v1.2b Enhanced LaTeX Graphics (DPC,SPQR)

(/usr/local/texlive/2021/texmf-dist/tex/latex/graphics/graphics.sty
Package: graphics 2020/08/30 v1.4c Standard LaTeX Graphics (DPC,SPQR)

(/usr/local/texlive/2021/texmf-dist/tex/latex/graphics/trig.sty
Package: trig 2016/01/03 v1.10 sin cos tan (DPC)
)
(/usr/local/texlive/2021/texmf-dist/tex/latex/graphics-cfg/graphics.cfg
File: graphics.cfg 2016/06/04 v1.11 sample graphics configuration
)
Package graphics Info: Driver file: dvipdfmx.def on input line 105.

(/usr/local/texlive/2021/texmf-dist/tex/latex/graphics-def/dvipdfmx.def
File: dvipdfmx.def 2021/03/18 v5.0j Graphics/color driver for dvipdfmx
))
\Gin@req@height=\dimen190
\Gin@req@width=\dimen191
)
(/usr/local/texlive/2021/texmf-dist/tex/latex/pgf/systemlayer/pgfsys.sty
(/usr/local/texlive/2021/texmf-dist/tex/generic/pgf/systemlayer/pgfsys.code.tex
Package: pgfsys 2020/12/27 v3.1.8b (3.1.8b)
(/usr/local/texlive/2021/texmf-dist/tex/generic/pgf/utilities/pgfkeys.code.tex
\pgfkeys@pathtoks=\toks29
\pgfkeys@temptoks=\toks30

(/usr/local/texlive/2021/texmf-dist/tex/generic/pgf/utilities/pgfkeysfiltered.c
ode.tex
\pgfkeys@tmptoks=\toks31
))
\pgf@x=\dimen192
\pgf@y=\dimen193
\pgf@xa=\dimen194
\pgf@ya=\dimen195
\pgf@xb=\dimen196
\pgf@yb=\dimen197
\pgf@xc=\dimen198
\pgf@yc=\dimen199
\pgf@xd=\dimen256
\pgf@yd=\dimen257
\w@pgf@writea=\write4
\r@pgf@reada=\read2
\c@pgf@counta=\count284
\c@pgf@countb=\count285
\c@pgf@countc=\count286
\c@pgf@countd=\count287
\t@pgf@toka=\toks32
\t@pgf@tokb=\toks33
\t@pgf@tokc=\toks34
\pgf@sys@id@count=\count288

(/usr/local/texlive/2021/texmf-dist/tex/generic/pgf/systemlayer/pgf.cfg
File: pgf.cfg 2020/12/27 v3.1.8b (3.1.8b)
)
Driver file for pgf: pgfsys-dvipdfmx.def

(/usr/local/texlive/2021/texmf-dist/tex/generic/pgf/systemlayer/pgfsys-dvipdfmx
.def
File: pgfsys-dvipdfmx.def 2020/12/27 v3.1.8b (3.1.8b)

(/usr/local/texlive/2021/texmf-dist/tex/generic/pgf/systemlayer/pgfsys-common-p
df.def
File: pgfsys-common-pdf.def 2020/12/27 v3.1.8b (3.1.8b)
)
\pgfsys@objnum=\count289
))
(/usr/local/texlive/2021/texmf-dist/tex/generic/pgf/systemlayer/pgfsyssoftpath.
code.tex
File: pgfsyssoftpath.code.tex 2020/12/27 v3.1.8b (3.1.8b)
\pgfsyssoftpath@smallbuffer@items=\count290
\pgfsyssoftpath@bigbuffer@items=\count291
)
(/usr/local/texlive/2021/texmf-dist/tex/generic/pgf/systemlayer/pgfsysprotocol.
code.tex
File: pgfsysprotocol.code.tex 2020/12/27 v3.1.8b (3.1.8b)
)) (/usr/local/texlive/2021/texmf-dist/tex/latex/xcolor/xcolor.sty
Package: xcolor 2016/05/11 v2.12 LaTeX color extensions (UK)

(/usr/local/texlive/2021/texmf-dist/tex/latex/graphics-cfg/color.cfg
File: color.cfg 2016/01/02 v1.6 sample color configuration
)
Package xcolor Info: Driver file: dvipdfmx.def on input line 225.
Package xcolor Info: Model `cmy' substituted by `cmy0' on input line 1348.
Package xcolor Info: Model `RGB' extended on input line 1364.
Package xcolor Info: Model `HTML' substituted by `rgb' on input line 1366.
Package xcolor Info: Model `Hsb' substituted by `hsb' on input line 1367.
Package xcolor Info: Model `tHsb' substituted by `hsb' on input line 1368.
Package xcolor Info: Model `HSB' substituted by `hsb' on input line 1369.
Package xcolor Info: Model `Gray' substituted by `gray' on input line 1370.
Package xcolor Info: Model `wave' substituted by `hsb' on input line 1371.
)
(/usr/local/texlive/2021/texmf-dist/tex/generic/pgf/basiclayer/pgfcore.code.tex
Package: pgfcore 2020/12/27 v3.1.8b (3.1.8b)
(/usr/local/texlive/2021/texmf-dist/tex/generic/pgf/math/pgfmath.code.tex
(/usr/local/texlive/2021/texmf-dist/tex/generic/pgf/math/pgfmathcalc.code.tex
(/usr/local/texlive/2021/texmf-dist/tex/generic/pgf/math/pgfmathutil.code.tex)
(/usr/local/texlive/2021/texmf-dist/tex/generic/pgf/math/pgfmathparser.code.tex
\pgfmath@dimen=\dimen258
\pgfmath@count=\count292
\pgfmath@box=\box115
\pgfmath@toks=\toks35
\pgfmath@stack@operand=\toks36
\pgfmath@stack@operation=\toks37
)
(/usr/local/texlive/2021/texmf-dist/tex/generic/pgf/math/pgfmathfunctions.code.
tex
(/usr/local/texlive/2021/texmf-dist/tex/generic/pgf/math/pgfmathfunctions.basic
.code.tex)
(/usr/local/texlive/2021/texmf-dist/tex/generic/pgf/math/pgfmathfunctions.trigo
nometric.code.tex)
(/usr/local/texlive/2021/texmf-dist/tex/generic/pgf/math/pgfmathfunctions.rando
m.code.tex)
(/usr/local/texlive/2021/texmf-dist/tex/generic/pgf/math/pgfmathfunctions.compa
rison.code.tex)
(/usr/local/texlive/2021/texmf-dist/tex/generic/pgf/math/pgfmathfunctions.base.
code.tex)
(/usr/local/texlive/2021/texmf-dist/tex/generic/pgf/math/pgfmathfunctions.round
.code.tex)
(/usr/local/texlive/2021/texmf-dist/tex/generic/pgf/math/pgfmathfunctions.misc.
code.tex)
(/usr/local/texlive/2021/texmf-dist/tex/generic/pgf/math/pgfmathfunctions.integ
erarithmetics.code.tex)))
(/usr/local/texlive/2021/texmf-dist/tex/generic/pgf/math/pgfmathfloat.code.tex
\c@pgfmathroundto@lastzeros=\count293
)) (/usr/local/texlive/2021/texmf-dist/tex/generic/pgf/math/pgfint.code.tex)
(/usr/local/texlive/2021/texmf-dist/tex/generic/pgf/basiclayer/pgfcorepoints.co
de.tex
File: pgfcorepoints.code.tex 2020/12/27 v3.1.8b (3.1.8b)
\pgf@picminx=\dimen259
\pgf@picmaxx=\dimen260
\pgf@picminy=\dimen261
\pgf@picmaxy=\dimen262
\pgf@pathminx=\dimen263
\pgf@pathmaxx=\dimen264
\pgf@pathminy=\dimen265
\pgf@pathmaxy=\dimen266
\pgf@xx=\dimen267
\pgf@xy=\dimen268
\pgf@yx=\dimen269
\pgf@yy=\dimen270
\pgf@zx=\dimen271
\pgf@zy=\dimen272
)
(/usr/local/texlive/2021/texmf-dist/tex/generic/pgf/basiclayer/pgfcorepathconst
ruct.code.tex
File: pgfcorepathconstruct.code.tex 2020/12/27 v3.1.8b (3.1.8b)
\pgf@path@lastx=\dimen273
\pgf@path@lasty=\dimen274
)
(/usr/local/texlive/2021/texmf-dist/tex/generic/pgf/basiclayer/pgfcorepathusage
.code.tex
File: pgfcorepathusage.code.tex 2020/12/27 v3.1.8b (3.1.8b)
\pgf@shorten@end@additional=\dimen275
\pgf@shorten@start@additional=\dimen276
)
(/usr/local/texlive/2021/texmf-dist/tex/generic/pgf/basiclayer/pgfcorescopes.co
de.tex
File: pgfcorescopes.code.tex 2020/12/27 v3.1.8b (3.1.8b)
\pgfpic=\box116
\pgf@hbox=\box117
\pgf@layerbox@main=\box118
\pgf@picture@serial@count=\count294
)
(/usr/local/texlive/2021/texmf-dist/tex/generic/pgf/basiclayer/pgfcoregraphicst
ate.code.tex
File: pgfcoregraphicstate.code.tex 2020/12/27 v3.1.8b (3.1.8b)
\pgflinewidth=\dimen277
)
(/usr/local/texlive/2021/texmf-dist/tex/generic/pgf/basiclayer/pgfcoretransform
ations.code.tex
File: pgfcoretransformations.code.tex 2020/12/27 v3.1.8b (3.1.8b)
\pgf@pt@x=\dimen278
\pgf@pt@y=\dimen279
\pgf@pt@temp=\dimen280
)
(/usr/local/texlive/2021/texmf-dist/tex/generic/pgf/basiclayer/pgfcorequick.cod
e.tex
File: pgfcorequick.code.tex 2020/12/27 v3.1.8b (3.1.8b)
)
(/usr/local/texlive/2021/texmf-dist/tex/generic/pgf/basiclayer/pgfcoreobjects.c
ode.tex
File: pgfcoreobjects.code.tex 2020/12/27 v3.1.8b (3.1.8b)
)
(/usr/local/texlive/2021/texmf-dist/tex/generic/pgf/basiclayer/pgfcorepathproce
ssing.code.tex
File: pgfcorepathprocessing.code.tex 2020/12/27 v3.1.8b (3.1.8b)
)
(/usr/local/texlive/2021/texmf-dist/tex/generic/pgf/basiclayer/pgfcorearrows.co
de.tex
File: pgfcorearrows.code.tex 2020/12/27 v3.1.8b (3.1.8b)
\pgfarrowsep=\dimen281
)
(/usr/local/texlive/2021/texmf-dist/tex/generic/pgf/basiclayer/pgfcoreshade.cod
e.tex
File: pgfcoreshade.code.tex 2020/12/27 v3.1.8b (3.1.8b)
\pgf@max=\dimen282
\pgf@sys@shading@range@num=\count295
\pgf@shadingcount=\count296
)
(/usr/local/texlive/2021/texmf-dist/tex/generic/pgf/basiclayer/pgfcoreimage.cod
e.tex
File: pgfcoreimage.code.tex 2020/12/27 v3.1.8b (3.1.8b)

(/usr/local/texlive/2021/texmf-dist/tex/generic/pgf/basiclayer/pgfcoreexternal.
code.tex
File: pgfcoreexternal.code.tex 2020/12/27 v3.1.8b (3.1.8b)
\pgfexternal@startupbox=\box119
))
(/usr/local/texlive/2021/texmf-dist/tex/generic/pgf/basiclayer/pgfcorelayers.co
de.tex
File: pgfcorelayers.code.tex 2020/12/27 v3.1.8b (3.1.8b)
)
(/usr/local/texlive/2021/texmf-dist/tex/generic/pgf/basiclayer/pgfcoretranspare
ncy.code.tex
File: pgfcoretransparency.code.tex 2020/12/27 v3.1.8b (3.1.8b)
)
(/usr/local/texlive/2021/texmf-dist/tex/generic/pgf/basiclayer/pgfcorepatterns.
code.tex
File: pgfcorepatterns.code.tex 2020/12/27 v3.1.8b (3.1.8b)
)
(/usr/local/texlive/2021/texmf-dist/tex/generic/pgf/basiclayer/pgfcorerdf.code.
tex
File: pgfcorerdf.code.tex 2020/12/27 v3.1.8b (3.1.8b)
)))
(/usr/local/texlive/2021/texmf-dist/tex/generic/pgf/modules/pgfmoduleshapes.cod
e.tex
File: pgfmoduleshapes.code.tex 2020/12/27 v3.1.8b (3.1.8b)
\pgfnodeparttextbox=\box120
)
(/usr/local/texlive/2021/texmf-dist/tex/generic/pgf/modules/pgfmoduleplot.code.
tex
File: pgfmoduleplot.code.tex 2020/12/27 v3.1.8b (3.1.8b)
)
(/usr/local/texlive/2021/texmf-dist/tex/latex/pgf/compatibility/pgfcomp-version
-0-65.sty
Package: pgfcomp-version-0-65 2020/12/27 v3.1.8b (3.1.8b)
\pgf@nodesepstart=\dimen283
\pgf@nodesepend=\dimen284
)
(/usr/local/texlive/2021/texmf-dist/tex/latex/pgf/compatibility/pgfcomp-version
-1-18.sty
Package: pgfcomp-version-1-18 2020/12/27 v3.1.8b (3.1.8b)
))
(/usr/local/texlive/2021/texmf-dist/tex/latex/pgf/utilities/pgffor.sty
(/usr/local/texlive/2021/texmf-dist/tex/latex/pgf/utilities/pgfkeys.sty
(/usr/local/texlive/2021/texmf-dist/tex/generic/pgf/utilities/pgfkeys.code.tex)
) (/usr/local/texlive/2021/texmf-dist/tex/latex/pgf/math/pgfmath.sty
(/usr/local/texlive/2021/texmf-dist/tex/generic/pgf/math/pgfmath.code.tex))
(/usr/local/texlive/2021/texmf-dist/tex/generic/pgf/utilities/pgffor.code.tex
Package: pgffor 2020/12/27 v3.1.8b (3.1.8b)

(/usr/local/texlive/2021/texmf-dist/tex/generic/pgf/math/pgfmath.code.tex)
\pgffor@iter=\dimen285
\pgffor@skip=\dimen286
\pgffor@stack=\toks38
\pgffor@toks=\toks39
))
(/usr/local/texlive/2021/texmf-dist/tex/generic/pgf/frontendlayer/tikz/tikz.cod
e.tex
Package: tikz 2020/12/27 v3.1.8b (3.1.8b)

(/usr/local/texlive/2021/texmf-dist/tex/generic/pgf/libraries/pgflibraryplothan
dlers.code.tex
File: pgflibraryplothandlers.code.tex 2020/12/27 v3.1.8b (3.1.8b)
\pgf@plot@mark@count=\count297
\pgfplotmarksize=\dimen287
)
\tikz@lastx=\dimen288
\tikz@lasty=\dimen289
\tikz@lastxsaved=\dimen290
\tikz@lastysaved=\dimen291
\tikz@lastmovetox=\dimen292
\tikz@lastmovetoy=\dimen293
\tikzleveldistance=\dimen294
\tikzsiblingdistance=\dimen295
\tikz@figbox=\box121
\tikz@figbox@bg=\box122
\tikz@tempbox=\box123
\tikz@tempbox@bg=\box124
\tikztreelevel=\count298
\tikznumberofchildren=\count299
\tikznumberofcurrentchild=\count300
\tikz@fig@count=\count301

(/usr/local/texlive/2021/texmf-dist/tex/generic/pgf/modules/pgfmodulematrix.cod
e.tex
File: pgfmodulematrix.code.tex 2020/12/27 v3.1.8b (3.1.8b)
\pgfmatrixcurrentrow=\count302
\pgfmatrixcurrentcolumn=\count303
\pgf@matrix@numberofcolumns=\count304
)
\tikz@expandcount=\count305

(/usr/local/texlive/2021/texmf-dist/tex/generic/pgf/frontendlayer/tikz/librarie
s/tikzlibrarytopaths.code.tex
File: tikzlibrarytopaths.code.tex 2020/12/27 v3.1.8b (3.1.8b)
)))
(/usr/local/texlive/2021/texmf-dist/tex/latex/jknapltx/mathrsfs.sty
Package: mathrsfs 1996/01/01 Math RSFS package v1.0 (jk)
\symrsfs=\mathgroup7
)
(/usr/local/texlive/2021/texmf-dist/tex/latex/here/here.sty)
(/usr/local/texlive/2021/texmf-dist/tex/latex/float/float.sty
Package: float 2001/11/08 v1.3d Float enhancements (AL)
\c@float@type=\count306
\float@exts=\toks40
\float@box=\box125
\@float@everytoks=\toks41
\@floatcapt=\box126
)
(/usr/local/texlive/2021/texmf-dist/tex/latex/listings/listings.sty
\lst@mode=\count307
\lst@gtempboxa=\box127
\lst@token=\toks42
\lst@length=\count308
\lst@currlwidth=\dimen296
\lst@column=\count309
\lst@pos=\count310
\lst@lostspace=\dimen297
\lst@width=\dimen298
\lst@newlines=\count311
\lst@lineno=\count312
\lst@maxwidth=\dimen299

(/usr/local/texlive/2021/texmf-dist/tex/latex/listings/lstmisc.sty
File: lstmisc.sty 2020/03/24 1.8d (Carsten Heinz)
\c@lstnumber=\count313
\lst@skipnumbers=\count314
\lst@framebox=\box128
)
(/usr/local/texlive/2021/texmf-dist/tex/latex/listings/listings.cfg
File: listings.cfg 2020/03/24 1.8d listings configuration
))
Package: listings 2020/03/24 1.8d (Carsten Heinz)

(/usr/local/texlive/2021/texmf-dist/tex/generic/pgf/frontendlayer/tikz/librarie
s/tikzlibrarypositioning.code.tex
File: tikzlibrarypositioning.code.tex 2020/12/27 v3.1.8b (3.1.8b)
)
(/usr/local/texlive/2021/texmf-dist/tex/generic/pgf/frontendlayer/tikz/librarie
s/tikzlibraryintersections.code.tex
(/usr/local/texlive/2021/texmf-dist/tex/generic/pgf/libraries/pgflibraryinterse
ctions.code.tex
(/usr/local/texlive/2021/texmf-dist/tex/generic/pgf/libraries/pgflibraryfpu.cod
e.tex)
\pgf@intersect@solutions=\count315
))
(/usr/local/texlive/2021/texmf-dist/tex/generic/pgf/frontendlayer/tikz/librarie
s/tikzlibrarycalc.code.tex
File: tikzlibrarycalc.code.tex 2020/12/27 v3.1.8b (3.1.8b)
)
(/usr/local/texlive/2021/texmf-dist/tex/generic/pgf/frontendlayer/tikz/librarie
s/tikzlibraryautomata.code.tex
File: tikzlibraryautomata.code.tex 2020/12/27 v3.1.8b (3.1.8b)

(/usr/local/texlive/2021/texmf-dist/tex/generic/pgf/frontendlayer/tikz/librarie
s/tikzlibraryshapes.multipart.code.tex
File: tikzlibraryshapes.multipart.code.tex 2020/12/27 v3.1.8b (3.1.8b)

(/usr/local/texlive/2021/texmf-dist/tex/generic/pgf/libraries/shapes/pgflibrary
shapes.multipart.code.tex
File: pgflibraryshapes.multipart.code.tex 2020/12/27 v3.1.8b (3.1.8b)
\pgfnodepartlowerbox=\box129
\pgfnodeparttwobox=\box130
\pgfnodepartthreebox=\box131
\pgfnodepartfourbox=\box132
\pgfnodeparttwentybox=\box133
\pgfnodepartnineteenbox=\box134
\pgfnodeparteighteenbox=\box135
\pgfnodepartseventeenbox=\box136
\pgfnodepartsixteenbox=\box137
\pgfnodepartfifteenbox=\box138
\pgfnodepartfourteenbox=\box139
\pgfnodepartthirteenbox=\box140
\pgfnodeparttwelvebox=\box141
\pgfnodepartelevenbox=\box142
\pgfnodeparttenbox=\box143
\pgfnodepartninebox=\box144
\pgfnodeparteightbox=\box145
\pgfnodepartsevenbox=\box146
\pgfnodepartsixbox=\box147
\pgfnodepartfivebox=\box148
)))
(/usr/local/texlive/2021/texmf-dist/tex/latex/hyperref/hyperref.sty
Package: hyperref 2021-02-27 v7.00k Hypertext links for LaTeX

(/usr/local/texlive/2021/texmf-dist/tex/generic/ltxcmds/ltxcmds.sty
Package: ltxcmds 2020-05-10 v1.25 LaTeX kernel commands for general use (HO)
)
(/usr/local/texlive/2021/texmf-dist/tex/generic/iftex/iftex.sty
Package: iftex 2020/03/06 v1.0d TeX engine tests
)
(/usr/local/texlive/2021/texmf-dist/tex/generic/pdftexcmds/pdftexcmds.sty
Package: pdftexcmds 2020-06-27 v0.33 Utility functions of pdfTeX for LuaTeX (HO
)

(/usr/local/texlive/2021/texmf-dist/tex/generic/infwarerr/infwarerr.sty
Package: infwarerr 2019/12/03 v1.5 Providing info/warning/error messages (HO)
)
Package pdftexcmds Info: \pdf@primitive is available.
Package pdftexcmds Info: \pdf@ifprimitive is available.
Package pdftexcmds Info: \pdfdraftmode not found.
)
(/usr/local/texlive/2021/texmf-dist/tex/generic/kvsetkeys/kvsetkeys.sty
Package: kvsetkeys 2019/12/15 v1.18 Key value parser (HO)
)
(/usr/local/texlive/2021/texmf-dist/tex/generic/kvdefinekeys/kvdefinekeys.sty
Package: kvdefinekeys 2019-12-19 v1.6 Define keys (HO)
)
(/usr/local/texlive/2021/texmf-dist/tex/generic/pdfescape/pdfescape.sty
Package: pdfescape 2019/12/09 v1.15 Implements pdfTeX's escape features (HO)
)
(/usr/local/texlive/2021/texmf-dist/tex/latex/hycolor/hycolor.sty
Package: hycolor 2020-01-27 v1.10 Color options for hyperref/bookmark (HO)
)
(/usr/local/texlive/2021/texmf-dist/tex/latex/letltxmacro/letltxmacro.sty
Package: letltxmacro 2019/12/03 v1.6 Let assignment for LaTeX macros (HO)
)
(/usr/local/texlive/2021/texmf-dist/tex/latex/auxhook/auxhook.sty
Package: auxhook 2019-12-17 v1.6 Hooks for auxiliary files (HO)


Package auxhook Warning: Cannot patch \document,
(auxhook)                using \AtBeginDocument instead.

) (/usr/local/texlive/2021/texmf-dist/tex/latex/kvoptions/kvoptions.sty
Package: kvoptions 2020-10-07 v3.14 Key value format for package options (HO)
)
\@linkdim=\dimen300
\Hy@linkcounter=\count316
\Hy@pagecounter=\count317

(/usr/local/texlive/2021/texmf-dist/tex/latex/hyperref/pd1enc.def
File: pd1enc.def 2021-02-27 v7.00k Hyperref: PDFDocEncoding definition (HO)
Now handling font encoding PD1 ...
... no UTF-8 mapping file for font encoding PD1
)
(/usr/local/texlive/2021/texmf-dist/tex/latex/hyperref/hyperref-langpatches.def
File: hyperref-langpatches.def 2021-02-27 v7.00k Hyperref: patches for babel la
nguages
) (/usr/local/texlive/2021/texmf-dist/tex/generic/intcalc/intcalc.sty
Package: intcalc 2019/12/15 v1.3 Expandable calculations with integers (HO)
)
(/usr/local/texlive/2021/texmf-dist/tex/generic/etexcmds/etexcmds.sty
Package: etexcmds 2019/12/15 v1.7 Avoid name clashes with e-TeX commands (HO)
)
\Hy@SavedSpaceFactor=\count318

(/usr/local/texlive/2021/texmf-dist/tex/latex/hyperref/puenc.def
File: puenc.def 2021-02-27 v7.00k Hyperref: PDF Unicode definition (HO)
Now handling font encoding PU ...
... no UTF-8 mapping file for font encoding PU
)
Package hyperref Info: Hyper figures OFF on input line 4192.
Package hyperref Info: Link nesting OFF on input line 4197.
Package hyperref Info: Hyper index ON on input line 4200.
Package hyperref Info: Plain pages OFF on input line 4207.
Package hyperref Info: Backreferencing OFF on input line 4212.
Package hyperref Info: Implicit mode ON; LaTeX internals redefined.
Package hyperref Info: Bookmarks ON on input line 4445.
\c@Hy@tempcnt=\count319

(/usr/local/texlive/2021/texmf-dist/tex/latex/url/url.sty
\Urlmuskip=\muskip17
Package: url 2013/09/16  ver 3.4  Verb mode for urls, etc.
)
LaTeX Info: Redefining \url on input line 4804.
\XeTeXLinkMargin=\dimen301

(/usr/local/texlive/2021/texmf-dist/tex/generic/bitset/bitset.sty
Package: bitset 2019/12/09 v1.3 Handle bit-vector datatype (HO)

(/usr/local/texlive/2021/texmf-dist/tex/generic/bigintcalc/bigintcalc.sty
Package: bigintcalc 2019/12/15 v1.5 Expandable calculations on big integers (HO
)
))
\Fld@menulength=\count320
\Field@Width=\dimen302
\Fld@charsize=\dimen303
Package hyperref Info: Hyper figures OFF on input line 6075.
Package hyperref Info: Link nesting OFF on input line 6080.
Package hyperref Info: Hyper index ON on input line 6083.
Package hyperref Info: backreferencing OFF on input line 6090.
Package hyperref Info: Link coloring OFF on input line 6095.
Package hyperref Info: Link coloring with OCG OFF on input line 6100.
Package hyperref Info: PDF/A mode OFF on input line 6105.
LaTeX Info: Redefining \ref on input line 6145.
LaTeX Info: Redefining \pageref on input line 6149.

(/usr/local/texlive/2021/texmf-dist/tex/latex/base/atbegshi-ltx.sty
Package: atbegshi-ltx 2020/08/17 v1.0a Emulation of the original atbegshi packa
ge
with kernel methods
)
\Hy@abspage=\count321
\c@Item=\count322
\c@Hfootnote=\count323
)
Package hyperref Info: Driver: hdvipdfm.

(/usr/local/texlive/2021/texmf-dist/tex/latex/hyperref/hdvipdfm.def
File: hdvipdfm.def 2021-02-27 v7.00k Hyperref driver for dvipdfm
\pdfm@box=\box149
\c@Hy@AnnotLevel=\count324
\HyField@AnnotCount=\count325
\Fld@listcount=\count326
\c@bookmark@seq@number=\count327

(/usr/local/texlive/2021/texmf-dist/tex/latex/rerunfilecheck/rerunfilecheck.sty
Package: rerunfilecheck 2019/12/05 v1.9 Rerun checks for auxiliary files (HO)
(/usr/local/texlive/2021/texmf-dist/tex/latex/base/atveryend-ltx.sty
Package: atveryend-ltx 2020/08/19 v1.0a Emulation of the original atvery packag
e
with kernel methods
)
(/usr/local/texlive/2021/texmf-dist/tex/generic/uniquecounter/uniquecounter.sty
Package: uniquecounter 2019/12/15 v1.4 Provide unlimited unique counter (HO)
)
Package uniquecounter Info: New unique counter `rerunfilecheck' on input line 2
86.
)
\Hy@SectionHShift=\skip62
) (/usr/local/texlive/2021/texmf-dist/tex/platex/pxjahyper/pxjahyper.sty
Package: pxjahyper 2021/02/26 v0.7b

(/usr/local/texlive/2021/texmf-dist/tex/latex/etoolbox/etoolbox.sty
Package: etoolbox 2020/10/05 v2.5k e-TeX tools for LaTeX (JAW)
\etb@tempcnta=\count328
)
(/usr/local/texlive/2021/texmf-dist/tex/platex/pxjahyper/pxjahyper-enc.sty
Package: pxjahyper-enc 2021/02/26 v0.7b
)
(/usr/local/texlive/2021/texmf-dist/tex/latex/bxjatoucs/bxjatoucs.sty
Package: bxjatoucs 2019/10/20 v0.2
)
Package pxjahyper Info: The setup for hyperref 'unicode' is applied.
)
Package hyperref Info: Option `setpagesize' set `false' on input line 31.
Package hyperref Info: Option `bookmarksnumbered' set `true' on input line 31.
Package hyperref Info: Option `bookmarksopen' set `true' on input line 31.
Package hyperref Info: Option `colorlinks' set `true' on input line 31.
\c@lemma=\count329
\c@theorem=\count330
\c@definition=\count331
\c@experiment=\count332
\c@example=\count333
)
LaTeX Font Info:    Font shape `JT2/hmc/m/n' will be
(Font)              scaled to size 9.24683pt on input line 13.
LaTeX Font Info:    Font shape `JY2/hmc/m/n' will be
(Font)              scaled to size 9.24683pt on input line 13.

(/usr/local/texlive/2021/texmf-dist/tex/latex/l3backend/l3backend-dvipdfmx.def
File: l3backend-dvipdfmx.def 2021-03-18 L3 backend support: dvipdfmx

(|extractbb --version)
\c__kernel_sys_dvipdfmx_version_int=\count334
\l__color_backend_stack_int=\count335
\g__color_backend_stack_int=\count336
\g__graphics_track_int=\count337
\l__pdf_internal_box=\box150
\g__pdf_backend_object_int=\count338
\g__pdf_backend_annotation_int=\count339
\g__pdf_backend_link_int=\count340
)
(/Users/fukudataiga/Documents/TeX/master-thesis/target/main.aux
(/Users/fukudataiga/Documents/TeX/master-thesis/target/abstract.aux)
(/Users/fukudataiga/Documents/TeX/master-thesis/target/introduction.aux)
(/Users/fukudataiga/Documents/TeX/master-thesis/target/preliminalies.aux)
(/Users/fukudataiga/Documents/TeX/master-thesis/target/symbolic_sst.aux)
(/Users/fukudataiga/Documents/TeX/master-thesis/target/solve.aux)
(/Users/fukudataiga/Documents/TeX/master-thesis/target/symbolic_preimage.aux)
(/Users/fukudataiga/Documents/TeX/master-thesis/target/implementation.aux)
(/Users/fukudataiga/Documents/TeX/master-thesis/target/related_works.aux)
(/Users/fukudataiga/Documents/TeX/master-thesis/target/conclusion.aux)
(/Users/fukudataiga/Documents/TeX/master-thesis/target/acknoledgement.aux))
\openout1 = `main.aux'.

LaTeX Font Info:    Checking defaults for OML/cmm/m/it on input line 13.
LaTeX Font Info:    ... okay on input line 13.
LaTeX Font Info:    Checking defaults for OMS/cmsy/m/n on input line 13.
LaTeX Font Info:    ... okay on input line 13.
LaTeX Font Info:    Checking defaults for OT1/cmr/m/n on input line 13.
LaTeX Font Info:    ... okay on input line 13.
LaTeX Font Info:    Checking defaults for T1/cmr/m/n on input line 13.
LaTeX Font Info:    ... okay on input line 13.
LaTeX Font Info:    Checking defaults for TS1/cmr/m/n on input line 13.
LaTeX Font Info:    ... okay on input line 13.
LaTeX Font Info:    Checking defaults for OMX/cmex/m/n on input line 13.
LaTeX Font Info:    ... okay on input line 13.
LaTeX Font Info:    Checking defaults for U/cmr/m/n on input line 13.
LaTeX Font Info:    ... okay on input line 13.
LaTeX Font Info:    Checking defaults for JY2/mc/m/n on input line 13.
LaTeX Font Info:    ... okay on input line 13.
LaTeX Font Info:    Checking defaults for JT2/mc/m/n on input line 13.
LaTeX Font Info:    ... okay on input line 13.
LaTeX Font Info:    Checking defaults for PD1/pdf/m/n on input line 13.
LaTeX Font Info:    ... okay on input line 13.
LaTeX Font Info:    Checking defaults for PU/pdf/m/n on input line 13.
LaTeX Font Info:    ... okay on input line 13.
\c@lstlisting=\count341
Package hyperref Info: Link coloring ON on input line 13.

(/usr/local/texlive/2021/texmf-dist/tex/latex/hyperref/nameref.sty
Package: nameref 2021-04-02 v2.47 Cross-referencing by name of section

(/usr/local/texlive/2021/texmf-dist/tex/latex/refcount/refcount.sty
Package: refcount 2019/12/15 v3.6 Data extraction from label references (HO)
)
(/usr/local/texlive/2021/texmf-dist/tex/generic/gettitlestring/gettitlestring.s
ty
Package: gettitlestring 2019/12/15 v1.6 Cleanup title references (HO)
)
\c@section@level=\count342
)
LaTeX Info: Redefining \ref on input line 13.
LaTeX Info: Redefining \pageref on input line 13.
LaTeX Info: Redefining \nameref on input line 13.
 (/Users/fukudataiga/Documents/TeX/master-thesis/target/main.out)
(/Users/fukudataiga/Documents/TeX/master-thesis/target/main.out)
\@outlinefile=\write5
\openout5 = `main.out'.

Package pxjahyper Info: Loaded 'pxjahyper-ajm.def'.

(/usr/local/texlive/2021/texmf-dist/tex/platex/pxjahyper/pxjahyper-ajm.def
File: pxjahyper-ajm.def 2021/02/26 v0.7b
)
\docmute@nestinglevel=\count343
LaTeX Font Info:    Font shape `JT2/hmc/m/n' will be
(Font)              scaled to size 23.0061pt on input line 16.
LaTeX Font Info:    Font shape `JY2/hmc/m/n' will be
(Font)              scaled to size 23.0061pt on input line 16.
LaTeX Font Info:    Font shape `JT2/hmc/m/n' will be
(Font)              scaled to size 15.9785pt on input line 16.
LaTeX Font Info:    Font shape `JY2/hmc/m/n' will be
(Font)              scaled to size 15.9785pt on input line 16.
LaTeX Font Info:    Font shape `JT2/hmc/m/n' will be
(Font)              scaled to size 19.17792pt on input line 16.
LaTeX Font Info:    Font shape `JY2/hmc/m/n' will be
(Font)              scaled to size 19.17792pt on input line 16.

[1

]
\openout2 = `abstract.aux'.

 (./abstract.tex) [1

]
LaTeX Font Info:    Font shape `JT2/hgt/m/n' will be
(Font)              scaled to size 9.24683pt on input line 21.
LaTeX Font Info:    Font shape `JY2/hgt/m/n' will be
(Font)              scaled to size 9.24683pt on input line 21.
LaTeX Font Info:    Font shape `JT2/hgt/m/n' will be
(Font)              scaled to size 23.0061pt on input line 21.
LaTeX Font Info:    Font shape `JY2/hgt/m/n' will be
(Font)              scaled to size 23.0061pt on input line 21.

(/Users/fukudataiga/Documents/TeX/master-thesis/target/main.toc
LaTeX Font Info:    Font shape `JY2/hmc/m/n' will be
(Font)              scaled to size 6.47278pt on input line 3.
LaTeX Font Info:    Font shape `JY2/hmc/m/n' will be
(Font)              scaled to size 4.62341pt on input line 3.
LaTeX Font Info:    Trying to load font information for U+msa on input line 3.

(/usr/local/texlive/2021/texmf-dist/tex/latex/amsfonts/umsa.fd
File: umsa.fd 2013/01/14 v3.01 AMS symbols A
)
LaTeX Font Info:    Trying to load font information for U+msb on input line 3.

(/usr/local/texlive/2021/texmf-dist/tex/latex/amsfonts/umsb.fd
File: umsb.fd 2013/01/14 v3.01 AMS symbols B
)
LaTeX Font Info:    Trying to load font information for U+rsfs on input line 3.


(/usr/local/texlive/2021/texmf-dist/tex/latex/jknapltx/ursfs.fd
File: ursfs.fd 1998/03/24 rsfs font definition file (jk)
))
\tf@toc=\write6
\openout6 = `main.toc'.

 [1



]
\openout2 = `introduction.aux'.


(./introduction.tex
第1章
LaTeX Font Info:    Font shape `JT2/hgt/m/n' will be
(Font)              scaled to size 19.17792pt on input line 5.
LaTeX Font Info:    Font shape `JY2/hgt/m/n' will be
(Font)              scaled to size 19.17792pt on input line 5.
) [1


] [2]
\openout2 = `preliminalies.aux'.

 (./preliminalies.tex
第2章
LaTeX Font Info:    Font shape `JT2/hmc/m/n' will be
(Font)              scaled to size 13.31541pt on input line 7.
LaTeX Font Info:    Font shape `JY2/hmc/m/n' will be
(Font)              scaled to size 13.31541pt on input line 7.
LaTeX Font Info:    Font shape `JT2/hgt/m/n' will be
(Font)              scaled to size 13.31541pt on input line 7.
LaTeX Font Info:    Font shape `JY2/hgt/m/n' will be
(Font)              scaled to size 13.31541pt on input line 7.
LaTeX Font Info:    Font shape `JT2/hmc/bx/n' in size <10> not available
(Font)              Font shape `JT2/hgt/m/n' tried instead on input line 14.
LaTeX Font Info:    Font shape `JT2/hgt/m/n' will be
(Font)              scaled to size 9.24683pt on input line 14.
LaTeX Font Info:    Font shape `JY2/hmc/bx/n' in size <10> not available
(Font)              Font shape `JY2/hgt/m/n' tried instead on input line 14.
LaTeX Font Info:    Font shape `JY2/hgt/m/n' will be
(Font)              scaled to size 9.24683pt on input line 14.
LaTeX Font Info:    Font shape `JT2/hmc/m/n' will be
(Font)              scaled to size 6.47278pt on input line 21.
[3




]
LaTeX Font Info:    Font shape `JT2/hmc/m/n' will be
(Font)              scaled to size 4.62341pt on input line 95.
 [4] [5]
LaTeX Font Info:    Trying to load font information for U+bbold on input line 2
54.
 (/usr/local/texlive/2021/texmf-dist/tex/latex/bbold/Ubbold.fd)
[6]) [7]
\openout2 = `symbolic_sst.aux'.

 (./symbolic_sst.tex
第3章
[8




] [9]) [10]
\openout2 = `solve.aux'.

 (./solve.tex
第4章
[11




]) [12]
\openout2 = `symbolic_preimage.aux'.

 (./symbolic_preimage.tex
第5章
[13




] [14]
Overfull \hbox (24.00003pt too wide) in paragraph at lines 198--217
 [][][] 
 []

[15]
LaTeX Font Info:    Font shape `JT2/hmc/m/n' will be
(Font)              scaled to size 11.09619pt on input line 262.
LaTeX Font Info:    Font shape `JY2/hmc/m/n' will be
(Font)              scaled to size 11.09619pt on input line 262.
LaTeX Font Info:    Font shape `JT2/hgt/m/n' will be
(Font)              scaled to size 11.09619pt on input line 262.
LaTeX Font Info:    Font shape `JY2/hgt/m/n' will be
(Font)              scaled to size 11.09619pt on input line 262.
LaTeX Font Info:    Font shape `JY2/hmc/m/n' will be
(Font)              scaled to size 7.39746pt on input line 262.
LaTeX Font Info:    Font shape `JY2/hmc/m/n' will be
(Font)              scaled to size 5.5481pt on input line 262.
 [16]
LaTeX Font Info:    Kanji font shape `JY2/hmc/m/it' undefined
(Font)              No change on input line 274.
LaTeX Font Info:    Kanji font shape `JY2/hmc/m/it' undefined
(Font)              No change on input line 318.

Overfull \hbox (35.26558pt too wide) detected at line 359
[]
 []

[17]
LaTeX Font Info:    Kanji font shape `JY2/hmc/m/it' undefined
(Font)              No change on input line 389.

Overfull \hbox (51.02792pt too wide) in paragraph at lines 394--399
\JY2/hmc/m/n/10 として $\OML/cmm/m/it/10 g[]$ \JY2/hmc/m/n/10 を定義す
る\OT1/cmr/m/n/10 . \JY2/hmc/m/n/10 定義より\OT1/cmr/m/n/10 , $[](\OML/cmm
/m/it/10 g[]\OT1/cmr/m/n/10 ) = [][] \OML/cmm/m/it/10 Var\OT1/cmr/m/n/10 (\OML/
cmm/m/it/10 ^^L\OT1/cmr/m/n/10 (\OML/cmm/m/it/10 y\OT1/cmr/m/n/10 ))$ \JY2/hmc/
m/n/10 であり $\OML/cmm/m/it/10 '[] \OT1/cmr/m/n/10 = [][] [][] ^^A[](\OML/c
mm/m/it/10 p; ^^L\OT1/cmr/m/n/10 (\OML/cmm/m/it/10 x\OT1/cmr/m/n/10 )\OML/cmm/m
/it/10 ; p[]\OT1/cmr/m/n/10 )$
 []

[18]
LaTeX Font Info:    Kanji font shape `JY2/hmc/m/it' undefined
(Font)              No change on input line 436.
 [19]
LaTeX Font Info:    Kanji font shape `JY2/hmc/m/it' undefined
(Font)              No change on input line 477.
LaTeX Font Info:    Kanji font shape `JY2/hmc/m/it' undefined
(Font)              No change on input line 503.
LaTeX Font Info:    Kanji font shape `JY2/hmc/m/it' undefined
(Font)              No change on input line 533.
 [20]
LaTeX Font Info:    Kanji font shape `JY2/hmc/m/it' undefined
(Font)              No change on input line 569.

Underfull \hbox (badness 1142) in paragraph at lines 596--604
[]\JY2/hmc/m/n/10 また\OT1/cmr/m/n/10 , $\OML/cmm/m/it/10 p[] [] p[]; p[] \OM
S/cmsy/m/n/10 2 \OML/cmm/m/it/10 F$ \JY2/hmc/m/n/10 だから $\OML/cmm/m/it/10
 F[]\OT1/cmr/m/n/10 (\OML/cmm/m/it/10 q[]\OT1/cmr/m/n/10 )$ \JY2/hmc/m/n/10 中
の変数が $\OML/cmm/m/it/10 k$ \JY2/hmc/m/n/10 個だとすれば $\OML/cmm/
m/it/10 F[]\OT1/cmr/m/n/10 (\OML/cmm/m/it/10 q[]\OT1/cmr/m/n/10 ) =
 []


Underfull \hbox (badness 1062) in paragraph at lines 596--604
\OML/cmm/m/it/10 w[]y[] [] w[]y[]w[]; w[] \OMS/cmsy/m/n/10 2 D[]\OML/cmm/m/it/1
0 ; y[] \OMS/cmsy/m/n/10 2 \OML/cmm/m/it/10 X$ \JY2/hmc/m/n/10 として一般
性を失わない\OT1/cmr/m/n/10 . \JY2/hmc/m/n/10 故に遷移は $\OML/cmm/m
/it/10 g[]$ \JY2/hmc/m/n/10 を用いて
 []

[21]) [22]
\openout2 = `implementation.aux'.

 (./implementation.tex
第6章
LaTeX Font Info:    Font shape `JT2/hmc/m/n' will be
(Font)              scaled to size 8.32214pt on input line 38.
LaTeX Font Info:    Font shape `JY2/hmc/m/n' will be
(Font)              scaled to size 8.32214pt on input line 38.
LaTeX Font Info:    Trying to load font information for OML+cmr on input line 3
9.
(/usr/local/texlive/2021/texmf-dist/tex/latex/base/omlcmr.fd
File: omlcmr.fd 2019/12/16 v2.5j Standard LaTeX font definitions
)
LaTeX Font Info:    Font shape `OML/cmr/m/n' in size <10> not available
(Font)              Font shape `OML/cmm/m/it' tried instead on input line 39.
LaTeX Font Info:    Trying to load font information for OMS+cmr on input line 3
9.

(/usr/local/texlive/2021/texmf-dist/tex/latex/base/omscmr.fd
File: omscmr.fd 2019/12/16 v2.5j Standard LaTeX font definitions
)
LaTeX Font Info:    Font shape `OMS/cmr/m/n' in size <10> not available
(Font)              Font shape `OMS/cmsy/m/n' tried instead on input line 39.

Overfull \hbox (20.91034pt too wide) in paragraph at lines 39--40
[][][][][][][][][][][][][][][][][][][][][][][][][][][][][][][][][][][][][][][][
][][][][] 
 []

[23




] [24] [25]
Overfull \hbox (14.91028pt too wide) in paragraph at lines 139--141
[][][][][][][][][][][][][][][][][][][][][][][][][][][][][][][][][][][][][][][][
][][][][] 
 []

[26] [27] [28]) [29]
\openout2 = `related_works.aux'.

 (./related_works.tex
第7章
) [30




]
\openout2 = `conclusion.aux'.

 (./conclusion.tex
第8章
) [31




]
\openout2 = `acknoledgement.aux'.

 (./acknoledgement.tex
第9章
) [32




] (/Users/fukudataiga/Documents/TeX/master-thesis/target/main.bbl
LaTeX Font Info:    Kanji font shape `JY2/hgt/m/it' undefined
(Font)              No change on input line 7.
LaTeX Font Info:    Kanji font shape `JY2/hgt/m/it' undefined
(Font)              No change on input line 14.
LaTeX Font Info:    Kanji font shape `JY2/hgt/m/it' undefined
(Font)              No change on input line 22.
LaTeX Font Info:    Kanji font shape `JY2/hgt/m/it' undefined
(Font)              No change on input line 30.
LaTeX Font Info:    Kanji font shape `JY2/hgt/m/it' undefined
(Font)              No change on input line 36.
LaTeX Font Info:    Kanji font shape `JY2/hgt/m/it' undefined
(Font)              No change on input line 48.
LaTeX Font Info:    Kanji font shape `JY2/hgt/m/it' undefined
(Font)              No change on input line 56.
LaTeX Font Info:    Kanji font shape `JY2/hgt/m/it' undefined
(Font)              No change on input line 63.
LaTeX Font Info:    Kanji font shape `JY2/hgt/m/it' undefined
(Font)              No change on input line 69.
LaTeX Font Info:    Kanji font shape `JY2/hgt/m/it' undefined
(Font)              No change on input line 75.
LaTeX Font Info:    Kanji font shape `JY2/hgt/m/it' undefined
(Font)              No change on input line 82.
 [33



]
LaTeX Font Info:    Kanji font shape `JY2/hgt/m/it' undefined
(Font)              No change on input line 88.
LaTeX Font Info:    Kanji font shape `JY2/hgt/m/it' undefined
(Font)              No change on input line 90.
LaTeX Font Info:    Kanji font shape `JY2/hgt/m/it' undefined
(Font)              No change on input line 97.
)
[34] (/Users/fukudataiga/Documents/TeX/master-thesis/target/main.aux
(/Users/fukudataiga/Documents/TeX/master-thesis/target/abstract.aux)
(/Users/fukudataiga/Documents/TeX/master-thesis/target/introduction.aux)
(/Users/fukudataiga/Documents/TeX/master-thesis/target/preliminalies.aux)
(/Users/fukudataiga/Documents/TeX/master-thesis/target/symbolic_sst.aux)
(/Users/fukudataiga/Documents/TeX/master-thesis/target/solve.aux)
(/Users/fukudataiga/Documents/TeX/master-thesis/target/symbolic_preimage.aux)
(/Users/fukudataiga/Documents/TeX/master-thesis/target/implementation.aux)
(/Users/fukudataiga/Documents/TeX/master-thesis/target/related_works.aux)
(/Users/fukudataiga/Documents/TeX/master-thesis/target/conclusion.aux)
(/Users/fukudataiga/Documents/TeX/master-thesis/target/acknoledgement.aux))
Package rerunfilecheck Info: File `main.out' has not changed.
(rerunfilecheck)             Checksum: 2CA5E89BE75998F6168F706C98B3AED1;2581.
 ) 
Here is how much of TeX's memory you used:
 26204 strings out of 479460
 472083 string characters out of 5870465
 821337 words of memory out of 5000000
 43364 multiletter control sequences out of 15000+600000
 454946 words of font info for 133 fonts, out of 8000000 for 9000
 934 hyphenation exceptions out of 8191
 128i,25n,130p,426b,2130s stack positions out of 5000i,500n,10000p,200000b,80000s

Output written on /Users/fukudataiga/Documents/TeX/master-thesis/target/main.dv
i (37 pages, 268000 bytes).
