%このファイルは日本語文字を含みます.
\BOOKMARK [0][]{chapter.1}{\376\377\173\054\0001\172\340\000\040\136\217\212\326}{}% 1
\BOOKMARK [0][]{chapter.2}{\376\377\173\054\0002\172\340\000\040\156\226\120\231}{}% 2
\BOOKMARK [1][]{section.2.1}{\376\377\0002\000.\0001\000\040\145\207\133\127\122\027\122\066\175\004}{chapter.2}% 3
\BOOKMARK [1][]{section.2.2}{\376\377\0002\000.\0002\000\040\000S\000y\000m\000b\000o\000l\000i\000c\000\040\000A\000u\000t\000o\000m\000a\000t\000a}{chapter.2}% 4
\BOOKMARK [1][]{section.2.3}{\376\377\0002\000.\0003\000\040\000F\000u\000n\000c\000t\000i\000o\000n\000\040\000T\000e\000r\000m}{chapter.2}% 5
\BOOKMARK [1][]{section.2.4}{\376\377\0002\000.\0004\000\040\000S\000t\000r\000e\000a\000m\000i\000n\000g\000\040\000S\000t\000r\000i\000n\000g\000\040\000T\000r\000a\000n\000s\000d\000u\000c\000e\000r\000s}{chapter.2}% 6
\BOOKMARK [0][]{chapter.3}{\376\377\173\054\0003\172\340\000\040\000S\000y\000m\000b\000o\000l\000i\000c\000\040\000S\000S\000T}{}% 7
\BOOKMARK [0][]{chapter.4}{\376\377\173\054\0004\172\340\000\040\145\207\133\127\122\027\122\066\175\004\060\156\121\105\215\263\123\357\200\375\140\047\122\044\133\232}{}% 8
\BOOKMARK [0][]{chapter.5}{\376\377\173\054\0005\172\340\000\040\000S\000y\000m\000b\000o\000l\000i\000c\000\040\000S\000S\000T\060\156\000S\000y\000m\000b\000o\000l\000i\000c\000\040\000A\000u\000t\000o\000m\000a\000t\000o\000n\060\153\060\210\060\213\220\006\120\317}{}% 9
\BOOKMARK [1][]{section.5.1}{\376\377\0005\000.\0001\000\040\151\313\142\020\154\325}{chapter.5}% 10
\BOOKMARK [1][]{section.5.2}{\376\377\0005\000.\0002\000\040\151\313\142\020\117\213}{chapter.5}% 11
\BOOKMARK [1][]{section.5.3}{\376\377\0005\000.\0003\000\040\116\012\212\030\151\313\142\020\060\156\153\143\060\127\060\125}{chapter.5}% 12
\BOOKMARK [0][]{chapter.6}{\376\377\173\054\0006\172\340\000\040\133\237\210\305}{}% 13
\BOOKMARK [1][]{section.6.1}{\376\377\0006\000.\0001\000\040\060\342\060\307\060\353\060\156\133\237\210\305}{chapter.6}% 14
\BOOKMARK [1][]{section.6.2}{\376\377\0006\000.\0002\000\040\220\006\120\317\060\156\212\010\173\227}{chapter.6}% 15
\BOOKMARK [1][]{section.6.3}{\376\377\0006\000.\0003\000\040\133\237\232\023}{chapter.6}% 16
\BOOKMARK [0][]{chapter.7}{\376\377\173\054\0007\172\340\000\040\225\242\220\043\170\024\172\166}{}% 17
\BOOKMARK [0][]{chapter.8}{\376\377\173\054\0008\172\340\000\040\175\120\212\326}{}% 18
\BOOKMARK [0][]{chapter.9}{\376\377\173\054\0009\172\340\000\040\213\035\217\236}{}% 19
\BOOKMARK [0][]{chapter*.14}{\376\377\123\302\200\003\145\207\163\056}{}% 20
